<html>
<head>
<title>TestNG:  Cucumber Test</title>
<link href="../testng.css" rel="stylesheet" type="text/css" />
<link href="../my-testng.css" rel="stylesheet" type="text/css" />

<style type="text/css">
.log { display: none;} 
.stack-trace { display: none;} 
</style>
<script type="text/javascript">
<!--
function flip(e) {
  current = e.style.display;
  if (current == 'block') {
    e.style.display = 'none';
    return 0;
  }
  else {
    e.style.display = 'block';
    return 1;
  }
}

function toggleBox(szDivId, elem, msg1, msg2)
{
  var res = -1;  if (document.getElementById) {
    res = flip(document.getElementById(szDivId));
  }
  else if (document.all) {
    // this is the way old msie versions work
    res = flip(document.all[szDivId]);
  }
  if(elem) {
    if(res == 0) elem.innerHTML = msg1; else elem.innerHTML = msg2;
  }

}

function toggleAllBoxes() {
  if (document.getElementsByTagName) {
    d = document.getElementsByTagName('div');
    for (i = 0; i < d.length; i++) {
      if (d[i].className == 'log') {
        flip(d[i]);
      }
    }
  }
}

// -->
</script>

</head>
<body>
<h2 align='center'>Cucumber Test</h2><table border='1' align="center">
<tr>
<td>Tests passed/Failed/Skipped:</td><td>0/5/0</td>
</tr><tr>
<td>Started on:</td><td>Tue Jul 15 20:54:47 WIB 2025</td>
</tr>
<tr><td>Total time:</td><td>43 seconds (43897 ms)</td>
</tr><tr>
<td>Included groups:</td><td></td>
</tr><tr>
<td>Excluded groups:</td><td></td>
</tr>
</table><p/>
<small><i>(Hover the method name to see the test class name)</i></small><p/>
<table width='100%' border='1' class='invocation-failed'>
<tr><td colspan='4' align='center'><b>FAILED TESTS</b></td></tr>
<tr><td><b>Test method</b></td>
<td><b>Attribute(s)</b></td>
<td width="30%"><b>Exception</b></td>
<td width="10%"><b>Time (seconds)</b></td>
<td><b>Instance</b></td>
</tr>
<tr>
<td title='cucumber.runner.cucumberRunner.runScenario()'><b>runScenario</b><br>Test class: cucumber.runner.cucumberRunner<br>Test method: Runs Cucumber Scenarios<br>Parameters: "", "Employee API"</td>
<td><div><pre>java.lang.AssertionError: Token in context null
	at cucumber.definitions.EmployeeDefinitionsRefactor.assert_token_in_variable(EmployeeDefinitionsRefactor.java:58)
	at ?.Make sure token in local storage not empty(file:///C:/Users/Yantrisnandra%20Akbar/Downloads/Selenium-DemoQA/src/test/java/cucumber/features/EmployeeRefactor.feature:30)
</pre></div><a href='#' onClick='toggleBox("stack-trace1590169276", this, "Click to show all stack frames", "Click to hide stack frames")'>Click to show all stack frames</a>
<div class='stack-trace' id='stack-trace1590169276'><pre>java.lang.AssertionError: Token in context null
	at cucumber.definitions.EmployeeDefinitionsRefactor.assert_token_in_variable(EmployeeDefinitionsRefactor.java:58)
	at ?.Make sure token in local storage not empty(file:///C:/Users/Yantrisnandra%20Akbar/Downloads/Selenium-DemoQA/src/test/java/cucumber/features/EmployeeRefactor.feature:30)
</pre></div></td>
<td>0</td>
<td>cucumber.runner.cucumberRunner@5c6648b0</td></tr>
<tr>
<td title='cucumber.runner.cucumberRunner.runScenario()'><b>runScenario</b><br>Test class: cucumber.runner.cucumberRunner<br>Test method: Runs Cucumber Scenarios<br>Parameters: "", "Employee API"</td>
<td><div><pre>java.lang.AssertionError: Token in context null
	at cucumber.definitions.EmployeeDefinitionsRefactor.assert_token_in_variable(EmployeeDefinitionsRefactor.java:58)
	at ?.Make sure token in local storage not empty(file:///C:/Users/Yantrisnandra%20Akbar/Downloads/Selenium-DemoQA/src/test/java/cucumber/features/EmployeeRefactor.feature:55)
</pre></div><a href='#' onClick='toggleBox("stack-trace1693435528", this, "Click to show all stack frames", "Click to hide stack frames")'>Click to show all stack frames</a>
<div class='stack-trace' id='stack-trace1693435528'><pre>java.lang.AssertionError: Token in context null
	at cucumber.definitions.EmployeeDefinitionsRefactor.assert_token_in_variable(EmployeeDefinitionsRefactor.java:58)
	at ?.Make sure token in local storage not empty(file:///C:/Users/Yantrisnandra%20Akbar/Downloads/Selenium-DemoQA/src/test/java/cucumber/features/EmployeeRefactor.feature:55)
</pre></div></td>
<td>0</td>
<td>cucumber.runner.cucumberRunner@5c6648b0</td></tr>
<tr>
<td title='cucumber.runner.cucumberRunner.runScenario()'><b>runScenario</b><br>Test class: cucumber.runner.cucumberRunner<br>Test method: Runs Cucumber Scenarios<br>Parameters: "Login with registered employee", "Employee API"</td>
<td><div><pre>java.lang.AssertionError: Error, due to actual status code is 522
	at cucumber.definitions.EmployeeDefinitionsRefactor.send_request_http(EmployeeDefinitionsRefactor.java:43)
	at ?.The response status must be 200(file:///C:/Users/Yantrisnandra%20Akbar/Downloads/Selenium-DemoQA/src/test/java/cucumber/features/EmployeeRefactor.feature:26)
</pre></div><a href='#' onClick='toggleBox("stack-trace1455301286", this, "Click to show all stack frames", "Click to hide stack frames")'>Click to show all stack frames</a>
<div class='stack-trace' id='stack-trace1455301286'><pre>java.lang.AssertionError: Error, due to actual status code is 522
	at cucumber.definitions.EmployeeDefinitionsRefactor.send_request_http(EmployeeDefinitionsRefactor.java:43)
	at ?.The response status must be 200(file:///C:/Users/Yantrisnandra%20Akbar/Downloads/Selenium-DemoQA/src/test/java/cucumber/features/EmployeeRefactor.feature:26)
</pre></div></td>
<td>19</td>
<td>cucumber.runner.cucumberRunner@5c6648b0</td></tr>
<tr>
<td title='cucumber.runner.cucumberRunner.runScenario()'><b>runScenario</b><br>Test class: cucumber.runner.cucumberRunner<br>Test method: Runs Cucumber Scenarios<br>Parameters: "Register a new employee", "Employee API"</td>
<td><div><pre>java.lang.AssertionError: Error, due to actual status code is 522
	at cucumber.definitions.EmployeeDefinitionsRefactor.send_request_http(EmployeeDefinitionsRefactor.java:43)
	at ?.The response status must be 200(file:///C:/Users/Yantrisnandra%20Akbar/Downloads/Selenium-DemoQA/src/test/java/cucumber/features/EmployeeRefactor.feature:15)
</pre></div><a href='#' onClick='toggleBox("stack-trace950805093", this, "Click to show all stack frames", "Click to hide stack frames")'>Click to show all stack frames</a>
<div class='stack-trace' id='stack-trace950805093'><pre>java.lang.AssertionError: Error, due to actual status code is 522
	at cucumber.definitions.EmployeeDefinitionsRefactor.send_request_http(EmployeeDefinitionsRefactor.java:43)
	at ?.The response status must be 200(file:///C:/Users/Yantrisnandra%20Akbar/Downloads/Selenium-DemoQA/src/test/java/cucumber/features/EmployeeRefactor.feature:15)
</pre></div></td>
<td>23</td>
<td>cucumber.runner.cucumberRunner@5c6648b0</td></tr>
<tr>
<td title='cucumber.runner.cucumberRunner.runScenario()'><b>runScenario</b><br>Test class: cucumber.runner.cucumberRunner<br>Test method: Runs Cucumber Scenarios<br>Parameters: "", "Employee API"</td>
<td><div><pre>java.lang.AssertionError: Token in context null
	at cucumber.definitions.EmployeeDefinitionsRefactor.assert_token_in_variable(EmployeeDefinitionsRefactor.java:58)
	at ?.Make sure token in local storage not empty(file:///C:/Users/Yantrisnandra%20Akbar/Downloads/Selenium-DemoQA/src/test/java/cucumber/features/EmployeeRefactor.feature:47)
</pre></div><a href='#' onClick='toggleBox("stack-trace752808929", this, "Click to show all stack frames", "Click to hide stack frames")'>Click to show all stack frames</a>
<div class='stack-trace' id='stack-trace752808929'><pre>java.lang.AssertionError: Token in context null
	at cucumber.definitions.EmployeeDefinitionsRefactor.assert_token_in_variable(EmployeeDefinitionsRefactor.java:58)
	at ?.Make sure token in local storage not empty(file:///C:/Users/Yantrisnandra%20Akbar/Downloads/Selenium-DemoQA/src/test/java/cucumber/features/EmployeeRefactor.feature:47)
</pre></div></td>
<td>0</td>
<td>cucumber.runner.cucumberRunner@5c6648b0</td></tr>
</table><p>
</body>
</html>