<?xml version="1.0" encoding="UTF-8"?>
<!-- Generated by org.testng.reporters.JUnitXMLReporter -->
<testsuite ignored="0" hostname="PW08SQTV-TPL14" failures="1" tests="5" name="Cucumber Test" time="14.669" errors="0" timestamp="2025-07-10T12:27:25 WIB">
  <testcase classname="io.cucumber.testng.AbstractTestNGCucumberTests" name="runScenario" time="5.065"/>
  <testcase classname="io.cucumber.testng.AbstractTestNGCucumberTests" name="runScenario" time="2.266"/>
  <testcase classname="io.cucumber.testng.AbstractTestNGCucumberTests" name="runScenario" time="0.921"/>
  <testcase classname="io.cucumber.testng.AbstractTestNGCucumberTests" name="runScenario" time="0.84"/>
  <testcase classname="io.cucumber.testng.AbstractTestNGCucumberTests" name="runScenario" time="4.436">
    <failure type="java.lang.AssertionError" message="Status code does not match expected [300] but found [200]">
      <![CDATA[java.lang.AssertionError: Status code does not match expected [300] but found [200]
at cucumber.definitions.EmployeeDefinition.theResponseStatusCodeShouldBe(EmployeeDefinition.java:52)
at âœ½.The Response Status Code should be 300(file:///C:/Users/Yantrisnandra%20Akbar/Downloads/Selenium-DemoQA/src/test/java/cucumber/features/Employee.feature:69)
... Removed 6 stack frames]]>
    </failure>
  </testcase> <!-- runScenario -->
</testsuite> <!-- Cucumber Test -->
