<?xml version="1.0" encoding="UTF-8"?>
<testng-results ignored="0" total="5" passed="0" failed="5" skipped="0">
  <reporter-output>
  </reporter-output>
  <suite started-at="2025-07-15T20:54:47 WIB" name="CucumberSuite" finished-at="2025-07-15T20:55:31 WIB" duration-ms="43897">
    <groups>
      <group name="cucumber">
        <method signature="AbstractTestNGCucumberTests.runScenario(io.cucumber.testng.PickleWrapper,io.cucumber.testng.FeatureWrapper)[pri:0, instance:cucumber.runner.cucumberRunner@5c6648b0]" name="runScenario" class="io.cucumber.testng.AbstractTestNGCucumberTests"/>
      </group> <!-- cucumber -->
    </groups>
    <test started-at="2025-07-15T20:54:47 WIB" name="Cucumber Test" finished-at="2025-07-15T20:55:31 WIB" duration-ms="43897">
      <class name="cucumber.runner.cucumberRunner">
        <test-method is-config="true" signature="setUpClass(org.testng.ITestContext)[pri:0, instance:cucumber.runner.cucumberRunner@5c6648b0]" started-at="2025-07-15T20:54:48 WIB" name="setUpClass" finished-at="2025-07-15T20:54:48 WIB" duration-ms="876" status="PASS">
          <params>
            <param index="0">
              <value>
                <![CDATA[org.testng.TestRunner@6b9267b]]>
              </value>
            </param>
          </params>
          <reporter-output>
          </reporter-output>
        </test-method> <!-- setUpClass -->
        <test-method signature="runScenario(io.cucumber.testng.PickleWrapper,io.cucumber.testng.FeatureWrapper)[pri:0, instance:cucumber.runner.cucumberRunner@5c6648b0]" started-at="2025-07-15T20:54:48 WIB" name="runScenario" description="Runs Cucumber Scenarios" data-provider="scenarios" finished-at="2025-07-15T20:55:11 WIB" duration-ms="23105" status="FAIL">
          <params>
            <param index="0">
              <value>
                <![CDATA["Register a new employee"]]>
              </value>
            </param>
            <param index="1">
              <value>
                <![CDATA["Employee API"]]>
              </value>
            </param>
          </params>
          <exception class="java.lang.AssertionError">
            <message>
              <![CDATA[Error, due to actual status code is 522]]>
            </message>
            <full-stacktrace>
              <![CDATA[java.lang.AssertionError: Error, due to actual status code is 522
at cucumber.definitions.EmployeeDefinitionsRefactor.send_request_http(EmployeeDefinitionsRefactor.java:43)
at ✽.The response status must be 200(file:///C:/Users/Yantrisnandra%20Akbar/Downloads/Selenium-DemoQA/src/test/java/cucumber/features/EmployeeRefactor.feature:15)
]]>
            </full-stacktrace>
          </exception> <!-- java.lang.AssertionError -->
          <reporter-output>
          </reporter-output>
        </test-method> <!-- runScenario -->
        <test-method signature="runScenario(io.cucumber.testng.PickleWrapper,io.cucumber.testng.FeatureWrapper)[pri:0, instance:cucumber.runner.cucumberRunner@5c6648b0]" started-at="2025-07-15T20:55:12 WIB" name="runScenario" description="Runs Cucumber Scenarios" data-provider="scenarios" finished-at="2025-07-15T20:55:31 WIB" duration-ms="19691" status="FAIL">
          <params>
            <param index="0">
              <value>
                <![CDATA["Login with registered employee"]]>
              </value>
            </param>
            <param index="1">
              <value>
                <![CDATA["Employee API"]]>
              </value>
            </param>
          </params>
          <exception class="java.lang.AssertionError">
            <message>
              <![CDATA[Error, due to actual status code is 522]]>
            </message>
            <full-stacktrace>
              <![CDATA[java.lang.AssertionError: Error, due to actual status code is 522
at cucumber.definitions.EmployeeDefinitionsRefactor.send_request_http(EmployeeDefinitionsRefactor.java:43)
at ✽.The response status must be 200(file:///C:/Users/Yantrisnandra%20Akbar/Downloads/Selenium-DemoQA/src/test/java/cucumber/features/EmployeeRefactor.feature:26)
]]>
            </full-stacktrace>
          </exception> <!-- java.lang.AssertionError -->
          <reporter-output>
          </reporter-output>
        </test-method> <!-- runScenario -->
        <test-method signature="runScenario(io.cucumber.testng.PickleWrapper,io.cucumber.testng.FeatureWrapper)[pri:0, instance:cucumber.runner.cucumberRunner@5c6648b0]" started-at="2025-07-15T20:55:31 WIB" name="runScenario" description="Runs Cucumber Scenarios" data-provider="scenarios" finished-at="2025-07-15T20:55:31 WIB" duration-ms="13" status="FAIL">
          <params>
            <param index="0">
              <value>
                <![CDATA[""]]>
              </value>
            </param>
            <param index="1">
              <value>
                <![CDATA["Employee API"]]>
              </value>
            </param>
          </params>
          <exception class="java.lang.AssertionError">
            <message>
              <![CDATA[Token in context null]]>
            </message>
            <full-stacktrace>
              <![CDATA[java.lang.AssertionError: Token in context null
at cucumber.definitions.EmployeeDefinitionsRefactor.assert_token_in_variable(EmployeeDefinitionsRefactor.java:58)
at ✽.Make sure token in local storage not empty(file:///C:/Users/Yantrisnandra%20Akbar/Downloads/Selenium-DemoQA/src/test/java/cucumber/features/EmployeeRefactor.feature:30)
]]>
            </full-stacktrace>
          </exception> <!-- java.lang.AssertionError -->
          <reporter-output>
          </reporter-output>
        </test-method> <!-- runScenario -->
        <test-method signature="runScenario(io.cucumber.testng.PickleWrapper,io.cucumber.testng.FeatureWrapper)[pri:0, instance:cucumber.runner.cucumberRunner@5c6648b0]" started-at="2025-07-15T20:55:31 WIB" name="runScenario" description="Runs Cucumber Scenarios" data-provider="scenarios" finished-at="2025-07-15T20:55:31 WIB" duration-ms="22" status="FAIL">
          <params>
            <param index="0">
              <value>
                <![CDATA[""]]>
              </value>
            </param>
            <param index="1">
              <value>
                <![CDATA["Employee API"]]>
              </value>
            </param>
          </params>
          <exception class="java.lang.AssertionError">
            <message>
              <![CDATA[Token in context null]]>
            </message>
            <full-stacktrace>
              <![CDATA[java.lang.AssertionError: Token in context null
at cucumber.definitions.EmployeeDefinitionsRefactor.assert_token_in_variable(EmployeeDefinitionsRefactor.java:58)
at ✽.Make sure token in local storage not empty(file:///C:/Users/Yantrisnandra%20Akbar/Downloads/Selenium-DemoQA/src/test/java/cucumber/features/EmployeeRefactor.feature:47)
]]>
            </full-stacktrace>
          </exception> <!-- java.lang.AssertionError -->
          <reporter-output>
          </reporter-output>
        </test-method> <!-- runScenario -->
        <test-method signature="runScenario(io.cucumber.testng.PickleWrapper,io.cucumber.testng.FeatureWrapper)[pri:0, instance:cucumber.runner.cucumberRunner@5c6648b0]" started-at="2025-07-15T20:55:31 WIB" name="runScenario" description="Runs Cucumber Scenarios" data-provider="scenarios" finished-at="2025-07-15T20:55:31 WIB" duration-ms="10" status="FAIL">
          <params>
            <param index="0">
              <value>
                <![CDATA[""]]>
              </value>
            </param>
            <param index="1">
              <value>
                <![CDATA["Employee API"]]>
              </value>
            </param>
          </params>
          <exception class="java.lang.AssertionError">
            <message>
              <![CDATA[Token in context null]]>
            </message>
            <full-stacktrace>
              <![CDATA[java.lang.AssertionError: Token in context null
at cucumber.definitions.EmployeeDefinitionsRefactor.assert_token_in_variable(EmployeeDefinitionsRefactor.java:58)
at ✽.Make sure token in local storage not empty(file:///C:/Users/Yantrisnandra%20Akbar/Downloads/Selenium-DemoQA/src/test/java/cucumber/features/EmployeeRefactor.feature:55)
]]>
            </full-stacktrace>
          </exception> <!-- java.lang.AssertionError -->
          <reporter-output>
          </reporter-output>
        </test-method> <!-- runScenario -->
        <test-method is-config="true" signature="tearDownClass()[pri:0, instance:cucumber.runner.cucumberRunner@5c6648b0]" started-at="2025-07-15T20:55:31 WIB" name="tearDownClass" finished-at="2025-07-15T20:55:31 WIB" duration-ms="85" status="PASS">
          <reporter-output>
          </reporter-output>
        </test-method> <!-- tearDownClass -->
        <test-method is-config="true" signature="afterSuite()[pri:0, instance:cucumber.runner.cucumberRunner@5c6648b0]" started-at="2025-07-15T20:55:31 WIB" name="afterSuite" finished-at="2025-07-15T20:55:32 WIB" duration-ms="1045" status="PASS">
          <reporter-output>
          </reporter-output>
        </test-method> <!-- afterSuite -->
      </class> <!-- cucumber.runner.cucumberRunner -->
    </test> <!-- Cucumber Test -->
  </suite> <!-- CucumberSuite -->
</testng-results>
