-------------------------------------------------------------------------------
Test set: TestSuite
-------------------------------------------------------------------------------
Tests run: 5, Failures: 5, Errors: 0, Skipped: 0, Time elapsed: 46.02 s <<< FAILURE! -- in TestSuite
cucumber.runner.cucumberRunner.runScenario["Register a new employee", "Employee API"](1) -- Time elapsed: 23.12 s <<< FAILURE!
java.lang.AssertionError: Error, due to actual status code is 522
	at cucumber.definitions.EmployeeDefinitionsRefactor.send_request_http(EmployeeDefinitionsRefactor.java:43)
	at ✽.The response status must be 200(file:///C:/Users/Yantrisnandra%20Akbar/Downloads/Selenium-DemoQA/src/test/java/cucumber/features/EmployeeRefactor.feature:15)

cucumber.runner.cucumberRunner.runScenario["Login with registered employee", "Employee API"](2) -- Time elapsed: 19.69 s <<< FAILURE!
java.lang.AssertionError: Error, due to actual status code is 522
	at cucumber.definitions.EmployeeDefinitionsRefactor.send_request_http(EmployeeDefinitionsRefactor.java:43)
	at ✽.The response status must be 200(file:///C:/Users/Yantrisnandra%20Akbar/Downloads/Selenium-DemoQA/src/test/java/cucumber/features/EmployeeRefactor.feature:26)

cucumber.runner.cucumberRunner.runScenario["", "Employee API"](3) -- Time elapsed: 0.014 s <<< FAILURE!
java.lang.AssertionError: Token in context null
	at cucumber.definitions.EmployeeDefinitionsRefactor.assert_token_in_variable(EmployeeDefinitionsRefactor.java:58)
	at ✽.Make sure token in local storage not empty(file:///C:/Users/Yantrisnandra%20Akbar/Downloads/Selenium-DemoQA/src/test/java/cucumber/features/EmployeeRefactor.feature:30)

cucumber.runner.cucumberRunner.runScenario["", "Employee API"](4) -- Time elapsed: 0.025 s <<< FAILURE!
java.lang.AssertionError: Token in context null
	at cucumber.definitions.EmployeeDefinitionsRefactor.assert_token_in_variable(EmployeeDefinitionsRefactor.java:58)
	at ✽.Make sure token in local storage not empty(file:///C:/Users/Yantrisnandra%20Akbar/Downloads/Selenium-DemoQA/src/test/java/cucumber/features/EmployeeRefactor.feature:47)

cucumber.runner.cucumberRunner.runScenario["", "Employee API"](5) -- Time elapsed: 0.011 s <<< FAILURE!
java.lang.AssertionError: Token in context null
	at cucumber.definitions.EmployeeDefinitionsRefactor.assert_token_in_variable(EmployeeDefinitionsRefactor.java:58)
	at ✽.Make sure token in local storage not empty(file:///C:/Users/Yantrisnandra%20Akbar/Downloads/Selenium-DemoQA/src/test/java/cucumber/features/EmployeeRefactor.feature:55)

