<?xml version="1.0" encoding="UTF-8"?>
<!-- Generated by org.testng.reporters.JUnitReportReporter -->
<testsuite hostname="PW08SQTV-TPL14" failures="1" tests="5" name="cucumber.runner.cucumberRunner" time="13.528" errors="0" timestamp="2025-07-10T12:27:25 WIB" skipped="0">
  <testcase classname="cucumber.runner.cucumberRunner" name="runScenario" time="0.840"/>
  <testcase classname="cucumber.runner.cucumberRunner" name="runScenario" time="5.065"/>
  <testcase classname="cucumber.runner.cucumberRunner" name="runScenario" time="4.436">
    <failure message="Status code does not match expected [300] but found [200]" type="java.lang.AssertionError">
      <![CDATA[java.lang.AssertionError: Status code does not match expected [300] but found [200]
at org.testng.Assert.fail(Assert.java:111)
at org.testng.Assert.failNotEquals(Assert.java:1590)
at org.testng.Assert.assertEqualsImpl(Assert.java:150)
at org.testng.Assert.assertEquals(Assert.java:132)
at org.testng.Assert.assertEquals(Assert.java:1431)
at org.testng.Assert.assertEquals(Assert.java:1395)
at cucumber.definitions.EmployeeDefinition.theResponseStatusCodeShouldBe(EmployeeDefinition.java:52)
at âœ½.The Response Status Code should be 300(file:///C:/Users/Yantrisnandra%20Akbar/Downloads/Selenium-DemoQA/src/test/java/cucumber/features/Employee.feature:69)
]]>
    </failure>
  </testcase> <!-- runScenario -->
  <testcase classname="cucumber.runner.cucumberRunner" name="runScenario" time="2.266"/>
  <testcase classname="cucumber.runner.cucumberRunner" name="runScenario" time="0.921"/>
</testsuite> <!-- cucumber.runner.cucumberRunner -->
